<?xml version="1.0" encoding="UTF-8"?>
<testsuite xmlns:xsi="http://www.w3.org/2001/XMLSchema-instance" xsi:noNamespaceSchemaLocation="https://maven.apache.org/surefire/maven-surefire-plugin/xsd/surefire-test-report-3.0.xsd" version="3.0" name="com.backend.padinfo_backend.PadinfoBackendApplicationTests" time="27.35" tests="1" errors="0" skipped="0" failures="0">
  <properties>
    <property name="java.specification.version" value="17"/>
    <property name="sun.cpu.isalist" value="amd64"/>
    <property name="sun.jnu.encoding" value="Cp1252"/>
    <property name="java.class.path" value="C:\Users\Usuario\OneDrive\Escritorio\Proyectos_github\padinfo\backend\padinfo_backend\target\test-classes;C:\Users\Usuario\OneDrive\Escritorio\Proyectos_github\padinfo\backend\padinfo_backend\target\classes;C:\Users\Usuario\.m2\repository\org\springframework\boot\spring-boot-starter-data-jpa\3.2.5\spring-boot-starter-data-jpa-3.2.5.jar;C:\Users\Usuario\.m2\repository\org\springframework\boot\spring-boot-starter-aop\3.2.5\spring-boot-starter-aop-3.2.5.jar;C:\Users\Usuario\.m2\repository\org\aspectj\aspectjweaver\1.9.22\aspectjweaver-1.9.22.jar;C:\Users\Usuario\.m2\repository\org\springframework\boot\spring-boot-starter-jdbc\3.2.5\spring-boot-starter-jdbc-3.2.5.jar;C:\Users\Usuario\.m2\repository\com\zaxxer\HikariCP\5.0.1\HikariCP-5.0.1.jar;C:\Users\Usuario\.m2\repository\org\springframework\spring-jdbc\6.1.6\spring-jdbc-6.1.6.jar;C:\Users\Usuario\.m2\repository\org\hibernate\orm\hibernate-core\6.4.4.Final\hibernate-core-6.4.4.Final.jar;C:\Users\Usuario\.m2\repository\jakarta\persistence\jakarta.persistence-api\3.1.0\jakarta.persistence-api-3.1.0.jar;C:\Users\Usuario\.m2\repository\jakarta\transaction\jakarta.transaction-api\2.0.1\jakarta.transaction-api-2.0.1.jar;C:\Users\Usuario\.m2\repository\org\jboss\logging\jboss-logging\3.5.3.Final\jboss-logging-3.5.3.Final.jar;C:\Users\Usuario\.m2\repository\org\hibernate\common\hibernate-commons-annotations\6.0.6.Final\hibernate-commons-annotations-6.0.6.Final.jar;C:\Users\Usuario\.m2\repository\io\smallrye\jandex\3.1.2\jandex-3.1.2.jar;C:\Users\Usuario\.m2\repository\com\fasterxml\classmate\1.6.0\classmate-1.6.0.jar;C:\Users\Usuario\.m2\repository\org\glassfish\jaxb\jaxb-runtime\4.0.5\jaxb-runtime-4.0.5.jar;C:\Users\Usuario\.m2\repository\org\glassfish\jaxb\jaxb-core\4.0.5\jaxb-core-4.0.5.jar;C:\Users\Usuario\.m2\repository\org\eclipse\angus\angus-activation\2.0.2\angus-activation-2.0.2.jar;C:\Users\Usuario\.m2\repository\org\glassfish\jaxb\txw2\4.0.5\txw2-4.0.5.jar;C:\Users\Usuario\.m2\repository\com\sun\istack\istack-commons-runtime\4.1.2\istack-commons-runtime-4.1.2.jar;C:\Users\Usuario\.m2\repository\jakarta\inject\jakarta.inject-api\2.0.1\jakarta.inject-api-2.0.1.jar;C:\Users\Usuario\.m2\repository\org\antlr\antlr4-runtime\4.13.0\antlr4-runtime-4.13.0.jar;C:\Users\Usuario\.m2\repository\org\springframework\data\spring-data-jpa\3.2.5\spring-data-jpa-3.2.5.jar;C:\Users\Usuario\.m2\repository\org\springframework\data\spring-data-commons\3.2.5\spring-data-commons-3.2.5.jar;C:\Users\Usuario\.m2\repository\org\springframework\spring-orm\6.1.6\spring-orm-6.1.6.jar;C:\Users\Usuario\.m2\repository\org\springframework\spring-tx\6.1.6\spring-tx-6.1.6.jar;C:\Users\Usuario\.m2\repository\jakarta\annotation\jakarta.annotation-api\2.1.1\jakarta.annotation-api-2.1.1.jar;C:\Users\Usuario\.m2\repository\org\slf4j\slf4j-api\2.0.13\slf4j-api-2.0.13.jar;C:\Users\Usuario\.m2\repository\org\springframework\spring-aspects\6.1.6\spring-aspects-6.1.6.jar;C:\Users\Usuario\.m2\repository\org\springframework\boot\spring-boot-starter-data-rest\3.2.5\spring-boot-starter-data-rest-3.2.5.jar;C:\Users\Usuario\.m2\repository\org\springframework\data\spring-data-rest-webmvc\4.2.5\spring-data-rest-webmvc-4.2.5.jar;C:\Users\Usuario\.m2\repository\org\springframework\data\spring-data-rest-core\4.2.5\spring-data-rest-core-4.2.5.jar;C:\Users\Usuario\.m2\repository\org\springframework\hateoas\spring-hateoas\2.2.2\spring-hateoas-2.2.2.jar;C:\Users\Usuario\.m2\repository\org\springframework\plugin\spring-plugin-core\3.0.0\spring-plugin-core-3.0.0.jar;C:\Users\Usuario\.m2\repository\org\atteo\evo-inflector\1.3\evo-inflector-1.3.jar;C:\Users\Usuario\.m2\repository\com\fasterxml\jackson\core\jackson-annotations\2.15.4\jackson-annotations-2.15.4.jar;C:\Users\Usuario\.m2\repository\org\springframework\boot\spring-boot-starter-web\3.2.5\spring-boot-starter-web-3.2.5.jar;C:\Users\Usuario\.m2\repository\org\springframework\boot\spring-boot-starter\3.2.5\spring-boot-starter-3.2.5.jar;C:\Users\Usuario\.m2\repository\org\springframework\boot\spring-boot-starter-logging\3.2.5\spring-boot-starter-logging-3.2.5.jar;C:\Users\Usuario\.m2\repository\ch\qos\logback\logback-classic\1.4.14\logback-classic-1.4.14.jar;C:\Users\Usuario\.m2\repository\ch\qos\logback\logback-core\1.4.14\logback-core-1.4.14.jar;C:\Users\Usuario\.m2\repository\org\apache\logging\log4j\log4j-to-slf4j\2.21.1\log4j-to-slf4j-2.21.1.jar;C:\Users\Usuario\.m2\repository\org\apache\logging\log4j\log4j-api\2.21.1\log4j-api-2.21.1.jar;C:\Users\Usuario\.m2\repository\org\slf4j\jul-to-slf4j\2.0.13\jul-to-slf4j-2.0.13.jar;C:\Users\Usuario\.m2\repository\org\yaml\snakeyaml\2.2\snakeyaml-2.2.jar;C:\Users\Usuario\.m2\repository\org\springframework\boot\spring-boot-starter-json\3.2.5\spring-boot-starter-json-3.2.5.jar;C:\Users\Usuario\.m2\repository\com\fasterxml\jackson\datatype\jackson-datatype-jdk8\2.15.4\jackson-datatype-jdk8-2.15.4.jar;C:\Users\Usuario\.m2\repository\com\fasterxml\jackson\datatype\jackson-datatype-jsr310\2.15.4\jackson-datatype-jsr310-2.15.4.jar;C:\Users\Usuario\.m2\repository\com\fasterxml\jackson\module\jackson-module-parameter-names\2.15.4\jackson-module-parameter-names-2.15.4.jar;C:\Users\Usuario\.m2\repository\org\springframework\boot\spring-boot-starter-tomcat\3.2.5\spring-boot-starter-tomcat-3.2.5.jar;C:\Users\Usuario\.m2\repository\org\apache\tomcat\embed\tomcat-embed-core\10.1.20\tomcat-embed-core-10.1.20.jar;C:\Users\Usuario\.m2\repository\org\apache\tomcat\embed\tomcat-embed-websocket\10.1.20\tomcat-embed-websocket-10.1.20.jar;C:\Users\Usuario\.m2\repository\org\springframework\spring-webmvc\6.1.6\spring-webmvc-6.1.6.jar;C:\Users\Usuario\.m2\repository\org\springframework\boot\spring-boot-devtools\3.2.5\spring-boot-devtools-3.2.5.jar;C:\Users\Usuario\.m2\repository\org\springframework\boot\spring-boot\3.2.5\spring-boot-3.2.5.jar;C:\Users\Usuario\.m2\repository\org\springframework\boot\spring-boot-autoconfigure\3.2.5\spring-boot-autoconfigure-3.2.5.jar;C:\Users\Usuario\.m2\repository\org\mariadb\jdbc\mariadb-java-client\3.3.3\mariadb-java-client-3.3.3.jar;C:\Users\Usuario\.m2\repository\com\github\waffle\waffle-jna\3.3.0\waffle-jna-3.3.0.jar;C:\Users\Usuario\.m2\repository\net\java\dev\jna\jna\5.13.0\jna-5.13.0.jar;C:\Users\Usuario\.m2\repository\net\java\dev\jna\jna-platform\5.13.0\jna-platform-5.13.0.jar;C:\Users\Usuario\.m2\repository\org\slf4j\jcl-over-slf4j\2.0.13\jcl-over-slf4j-2.0.13.jar;C:\Users\Usuario\.m2\repository\com\github\ben-manes\caffeine\caffeine\3.1.8\caffeine-3.1.8.jar;C:\Users\Usuario\.m2\repository\com\google\errorprone\error_prone_annotations\2.21.1\error_prone_annotations-2.21.1.jar;C:\Users\Usuario\.m2\repository\org\checkerframework\checker-qual\3.32.0\checker-qual-3.32.0.jar;C:\Users\Usuario\.m2\repository\org\springframework\boot\spring-boot-starter-test\3.2.5\spring-boot-starter-test-3.2.5.jar;C:\Users\Usuario\.m2\repository\org\springframework\boot\spring-boot-test\3.2.5\spring-boot-test-3.2.5.jar;C:\Users\Usuario\.m2\repository\org\springframework\boot\spring-boot-test-autoconfigure\3.2.5\spring-boot-test-autoconfigure-3.2.5.jar;C:\Users\Usuario\.m2\repository\com\jayway\jsonpath\json-path\2.9.0\json-path-2.9.0.jar;C:\Users\Usuario\.m2\repository\jakarta\xml\bind\jakarta.xml.bind-api\4.0.2\jakarta.xml.bind-api-4.0.2.jar;C:\Users\Usuario\.m2\repository\jakarta\activation\jakarta.activation-api\2.1.3\jakarta.activation-api-2.1.3.jar;C:\Users\Usuario\.m2\repository\net\minidev\json-smart\2.5.1\json-smart-2.5.1.jar;C:\Users\Usuario\.m2\repository\net\minidev\accessors-smart\2.5.1\accessors-smart-2.5.1.jar;C:\Users\Usuario\.m2\repository\org\ow2\asm\asm\9.6\asm-9.6.jar;C:\Users\Usuario\.m2\repository\org\assertj\assertj-core\3.24.2\assertj-core-3.24.2.jar;C:\Users\Usuario\.m2\repository\org\awaitility\awaitility\4.2.1\awaitility-4.2.1.jar;C:\Users\Usuario\.m2\repository\org\hamcrest\hamcrest\2.2\hamcrest-2.2.jar;C:\Users\Usuario\.m2\repository\org\junit\jupiter\junit-jupiter\5.10.2\junit-jupiter-5.10.2.jar;C:\Users\Usuario\.m2\repository\org\junit\jupiter\junit-jupiter-params\5.10.2\junit-jupiter-params-5.10.2.jar;C:\Users\Usuario\.m2\repository\org\mockito\mockito-junit-jupiter\5.7.0\mockito-junit-jupiter-5.7.0.jar;C:\Users\Usuario\.m2\repository\org\skyscreamer\jsonassert\1.5.1\jsonassert-1.5.1.jar;C:\Users\Usuario\.m2\repository\com\vaadin\external\google\android-json\0.0.20131108.vaadin1\android-json-0.0.20131108.vaadin1.jar;C:\Users\Usuario\.m2\repository\org\springframework\spring-core\6.1.6\spring-core-6.1.6.jar;C:\Users\Usuario\.m2\repository\org\springframework\spring-jcl\6.1.6\spring-jcl-6.1.6.jar;C:\Users\Usuario\.m2\repository\org\springframework\spring-test\6.1.6\spring-test-6.1.6.jar;C:\Users\Usuario\.m2\repository\org\xmlunit\xmlunit-core\2.9.1\xmlunit-core-2.9.1.jar;C:\Users\Usuario\.m2\repository\org\projectlombok\lombok\1.18.30\lombok-1.18.30.jar;C:\Users\Usuario\.m2\repository\org\modelmapper\modelmapper\3.1.1\modelmapper-3.1.1.jar;C:\Users\Usuario\.m2\repository\org\springframework\boot\spring-boot-starter-validation\3.2.1\spring-boot-starter-validation-3.2.1.jar;C:\Users\Usuario\.m2\repository\org\apache\tomcat\embed\tomcat-embed-el\10.1.20\tomcat-embed-el-10.1.20.jar;C:\Users\Usuario\.m2\repository\org\hibernate\validator\hibernate-validator\8.0.1.Final\hibernate-validator-8.0.1.Final.jar;C:\Users\Usuario\.m2\repository\jakarta\validation\jakarta.validation-api\3.0.2\jakarta.validation-api-3.0.2.jar;C:\Users\Usuario\.m2\repository\org\springdoc\springdoc-openapi-starter-webmvc-ui\2.3.0\springdoc-openapi-starter-webmvc-ui-2.3.0.jar;C:\Users\Usuario\.m2\repository\org\springdoc\springdoc-openapi-starter-webmvc-api\2.3.0\springdoc-openapi-starter-webmvc-api-2.3.0.jar;C:\Users\Usuario\.m2\repository\org\springdoc\springdoc-openapi-starter-common\2.3.0\springdoc-openapi-starter-common-2.3.0.jar;C:\Users\Usuario\.m2\repository\io\swagger\core\v3\swagger-core-jakarta\2.2.19\swagger-core-jakarta-2.2.19.jar;C:\Users\Usuario\.m2\repository\org\apache\commons\commons-lang3\3.13.0\commons-lang3-3.13.0.jar;C:\Users\Usuario\.m2\repository\io\swagger\core\v3\swagger-annotations-jakarta\2.2.19\swagger-annotations-jakarta-2.2.19.jar;C:\Users\Usuario\.m2\repository\io\swagger\core\v3\swagger-models-jakarta\2.2.19\swagger-models-jakarta-2.2.19.jar;C:\Users\Usuario\.m2\repository\com\fasterxml\jackson\dataformat\jackson-dataformat-yaml\2.15.4\jackson-dataformat-yaml-2.15.4.jar;C:\Users\Usuario\.m2\repository\org\webjars\swagger-ui\5.10.3\swagger-ui-5.10.3.jar;C:\Users\Usuario\.m2\repository\org\springframework\boot\spring-boot-starter-security\3.2.5\spring-boot-starter-security-3.2.5.jar;C:\Users\Usuario\.m2\repository\org\springframework\spring-aop\6.1.6\spring-aop-6.1.6.jar;C:\Users\Usuario\.m2\repository\org\springframework\security\spring-security-config\6.2.4\spring-security-config-6.2.4.jar;C:\Users\Usuario\.m2\repository\org\springframework\security\spring-security-web\6.2.4\spring-security-web-6.2.4.jar;C:\Users\Usuario\.m2\repository\io\jsonwebtoken\jjwt-api\0.11.5\jjwt-api-0.11.5.jar;C:\Users\Usuario\.m2\repository\io\jsonwebtoken\jjwt-impl\0.11.5\jjwt-impl-0.11.5.jar;C:\Users\Usuario\.m2\repository\io\jsonwebtoken\jjwt-jackson\0.11.5\jjwt-jackson-0.11.5.jar;C:\Users\Usuario\.m2\repository\com\fasterxml\jackson\core\jackson-databind\2.15.4\jackson-databind-2.15.4.jar;C:\Users\Usuario\.m2\repository\com\fasterxml\jackson\core\jackson-core\2.15.4\jackson-core-2.15.4.jar;C:\Users\Usuario\.m2\repository\org\springframework\security\spring-security-core\6.2.4\spring-security-core-6.2.4.jar;C:\Users\Usuario\.m2\repository\org\springframework\security\spring-security-crypto\6.2.4\spring-security-crypto-6.2.4.jar;C:\Users\Usuario\.m2\repository\org\springframework\spring-beans\6.1.6\spring-beans-6.1.6.jar;C:\Users\Usuario\.m2\repository\org\springframework\spring-context\6.1.6\spring-context-6.1.6.jar;C:\Users\Usuario\.m2\repository\org\springframework\spring-expression\6.1.6\spring-expression-6.1.6.jar;C:\Users\Usuario\.m2\repository\io\micrometer\micrometer-observation\1.12.5\micrometer-observation-1.12.5.jar;C:\Users\Usuario\.m2\repository\io\micrometer\micrometer-commons\1.12.5\micrometer-commons-1.12.5.jar;C:\Users\Usuario\.m2\repository\org\springframework\spring-web\6.1.6\spring-web-6.1.6.jar;C:\Users\Usuario\.m2\repository\org\mockito\mockito-core\5.7.0\mockito-core-5.7.0.jar;C:\Users\Usuario\.m2\repository\net\bytebuddy\byte-buddy\1.14.13\byte-buddy-1.14.13.jar;C:\Users\Usuario\.m2\repository\net\bytebuddy\byte-buddy-agent\1.14.13\byte-buddy-agent-1.14.13.jar;C:\Users\Usuario\.m2\repository\org\objenesis\objenesis\3.3\objenesis-3.3.jar;C:\Users\Usuario\.m2\repository\org\junit\jupiter\junit-jupiter-engine\5.10.2\junit-jupiter-engine-5.10.2.jar;C:\Users\Usuario\.m2\repository\org\junit\platform\junit-platform-engine\1.10.2\junit-platform-engine-1.10.2.jar;C:\Users\Usuario\.m2\repository\org\opentest4j\opentest4j\1.3.0\opentest4j-1.3.0.jar;C:\Users\Usuario\.m2\repository\org\junit\platform\junit-platform-commons\1.10.2\junit-platform-commons-1.10.2.jar;C:\Users\Usuario\.m2\repository\org\junit\jupiter\junit-jupiter-api\5.10.2\junit-jupiter-api-5.10.2.jar;C:\Users\Usuario\.m2\repository\org\apiguardian\apiguardian-api\1.1.2\apiguardian-api-1.1.2.jar;"/>
    <property name="java.vm.vendor" value="Oracle Corporation"/>
    <property name="sun.arch.data.model" value="64"/>
    <property name="user.variant" value=""/>
    <property name="java.vendor.url" value="https://java.oracle.com/"/>
    <property name="user.timezone" value="Europe/Madrid"/>
    <property name="org.jboss.logging.provider" value="slf4j"/>
    <property name="os.name" value="Windows 10"/>
    <property name="java.vm.specification.version" value="17"/>
    <property name="sun.java.launcher" value="SUN_STANDARD"/>
    <property name="user.country" value="ES"/>
    <property name="sun.boot.library.path" value="C:\Program Files\Java\jdk-17\bin"/>
    <property name="sun.java.command" value="C:\Users\Usuario\AppData\Local\Temp\surefire6687997718325977917\surefirebooter-20240611121152328_3.jar C:\Users\Usuario\AppData\Local\Temp\surefire6687997718325977917 2024-06-11T12-11-51_941-jvmRun1 surefire-20240611121152328_1tmp surefire_0-20240611121152328_2tmp"/>
    <property name="jdk.debug" value="release"/>
    <property name="surefire.test.class.path" value="C:\Users\Usuario\OneDrive\Escritorio\Proyectos_github\padinfo\backend\padinfo_backend\target\test-classes;C:\Users\Usuario\OneDrive\Escritorio\Proyectos_github\padinfo\backend\padinfo_backend\target\classes;C:\Users\Usuario\.m2\repository\org\springframework\boot\spring-boot-starter-data-jpa\3.2.5\spring-boot-starter-data-jpa-3.2.5.jar;C:\Users\Usuario\.m2\repository\org\springframework\boot\spring-boot-starter-aop\3.2.5\spring-boot-starter-aop-3.2.5.jar;C:\Users\Usuario\.m2\repository\org\aspectj\aspectjweaver\1.9.22\aspectjweaver-1.9.22.jar;C:\Users\Usuario\.m2\repository\org\springframework\boot\spring-boot-starter-jdbc\3.2.5\spring-boot-starter-jdbc-3.2.5.jar;C:\Users\Usuario\.m2\repository\com\zaxxer\HikariCP\5.0.1\HikariCP-5.0.1.jar;C:\Users\Usuario\.m2\repository\org\springframework\spring-jdbc\6.1.6\spring-jdbc-6.1.6.jar;C:\Users\Usuario\.m2\repository\org\hibernate\orm\hibernate-core\6.4.4.Final\hibernate-core-6.4.4.Final.jar;C:\Users\Usuario\.m2\repository\jakarta\persistence\jakarta.persistence-api\3.1.0\jakarta.persistence-api-3.1.0.jar;C:\Users\Usuario\.m2\repository\jakarta\transaction\jakarta.transaction-api\2.0.1\jakarta.transaction-api-2.0.1.jar;C:\Users\Usuario\.m2\repository\org\jboss\logging\jboss-logging\3.5.3.Final\jboss-logging-3.5.3.Final.jar;C:\Users\Usuario\.m2\repository\org\hibernate\common\hibernate-commons-annotations\6.0.6.Final\hibernate-commons-annotations-6.0.6.Final.jar;C:\Users\Usuario\.m2\repository\io\smallrye\jandex\3.1.2\jandex-3.1.2.jar;C:\Users\Usuario\.m2\repository\com\fasterxml\classmate\1.6.0\classmate-1.6.0.jar;C:\Users\Usuario\.m2\repository\org\glassfish\jaxb\jaxb-runtime\4.0.5\jaxb-runtime-4.0.5.jar;C:\Users\Usuario\.m2\repository\org\glassfish\jaxb\jaxb-core\4.0.5\jaxb-core-4.0.5.jar;C:\Users\Usuario\.m2\repository\org\eclipse\angus\angus-activation\2.0.2\angus-activation-2.0.2.jar;C:\Users\Usuario\.m2\repository\org\glassfish\jaxb\txw2\4.0.5\txw2-4.0.5.jar;C:\Users\Usuario\.m2\repository\com\sun\istack\istack-commons-runtime\4.1.2\istack-commons-runtime-4.1.2.jar;C:\Users\Usuario\.m2\repository\jakarta\inject\jakarta.inject-api\2.0.1\jakarta.inject-api-2.0.1.jar;C:\Users\Usuario\.m2\repository\org\antlr\antlr4-runtime\4.13.0\antlr4-runtime-4.13.0.jar;C:\Users\Usuario\.m2\repository\org\springframework\data\spring-data-jpa\3.2.5\spring-data-jpa-3.2.5.jar;C:\Users\Usuario\.m2\repository\org\springframework\data\spring-data-commons\3.2.5\spring-data-commons-3.2.5.jar;C:\Users\Usuario\.m2\repository\org\springframework\spring-orm\6.1.6\spring-orm-6.1.6.jar;C:\Users\Usuario\.m2\repository\org\springframework\spring-tx\6.1.6\spring-tx-6.1.6.jar;C:\Users\Usuario\.m2\repository\jakarta\annotation\jakarta.annotation-api\2.1.1\jakarta.annotation-api-2.1.1.jar;C:\Users\Usuario\.m2\repository\org\slf4j\slf4j-api\2.0.13\slf4j-api-2.0.13.jar;C:\Users\Usuario\.m2\repository\org\springframework\spring-aspects\6.1.6\spring-aspects-6.1.6.jar;C:\Users\Usuario\.m2\repository\org\springframework\boot\spring-boot-starter-data-rest\3.2.5\spring-boot-starter-data-rest-3.2.5.jar;C:\Users\Usuario\.m2\repository\org\springframework\data\spring-data-rest-webmvc\4.2.5\spring-data-rest-webmvc-4.2.5.jar;C:\Users\Usuario\.m2\repository\org\springframework\data\spring-data-rest-core\4.2.5\spring-data-rest-core-4.2.5.jar;C:\Users\Usuario\.m2\repository\org\springframework\hateoas\spring-hateoas\2.2.2\spring-hateoas-2.2.2.jar;C:\Users\Usuario\.m2\repository\org\springframework\plugin\spring-plugin-core\3.0.0\spring-plugin-core-3.0.0.jar;C:\Users\Usuario\.m2\repository\org\atteo\evo-inflector\1.3\evo-inflector-1.3.jar;C:\Users\Usuario\.m2\repository\com\fasterxml\jackson\core\jackson-annotations\2.15.4\jackson-annotations-2.15.4.jar;C:\Users\Usuario\.m2\repository\org\springframework\boot\spring-boot-starter-web\3.2.5\spring-boot-starter-web-3.2.5.jar;C:\Users\Usuario\.m2\repository\org\springframework\boot\spring-boot-starter\3.2.5\spring-boot-starter-3.2.5.jar;C:\Users\Usuario\.m2\repository\org\springframework\boot\spring-boot-starter-logging\3.2.5\spring-boot-starter-logging-3.2.5.jar;C:\Users\Usuario\.m2\repository\ch\qos\logback\logback-classic\1.4.14\logback-classic-1.4.14.jar;C:\Users\Usuario\.m2\repository\ch\qos\logback\logback-core\1.4.14\logback-core-1.4.14.jar;C:\Users\Usuario\.m2\repository\org\apache\logging\log4j\log4j-to-slf4j\2.21.1\log4j-to-slf4j-2.21.1.jar;C:\Users\Usuario\.m2\repository\org\apache\logging\log4j\log4j-api\2.21.1\log4j-api-2.21.1.jar;C:\Users\Usuario\.m2\repository\org\slf4j\jul-to-slf4j\2.0.13\jul-to-slf4j-2.0.13.jar;C:\Users\Usuario\.m2\repository\org\yaml\snakeyaml\2.2\snakeyaml-2.2.jar;C:\Users\Usuario\.m2\repository\org\springframework\boot\spring-boot-starter-json\3.2.5\spring-boot-starter-json-3.2.5.jar;C:\Users\Usuario\.m2\repository\com\fasterxml\jackson\datatype\jackson-datatype-jdk8\2.15.4\jackson-datatype-jdk8-2.15.4.jar;C:\Users\Usuario\.m2\repository\com\fasterxml\jackson\datatype\jackson-datatype-jsr310\2.15.4\jackson-datatype-jsr310-2.15.4.jar;C:\Users\Usuario\.m2\repository\com\fasterxml\jackson\module\jackson-module-parameter-names\2.15.4\jackson-module-parameter-names-2.15.4.jar;C:\Users\Usuario\.m2\repository\org\springframework\boot\spring-boot-starter-tomcat\3.2.5\spring-boot-starter-tomcat-3.2.5.jar;C:\Users\Usuario\.m2\repository\org\apache\tomcat\embed\tomcat-embed-core\10.1.20\tomcat-embed-core-10.1.20.jar;C:\Users\Usuario\.m2\repository\org\apache\tomcat\embed\tomcat-embed-websocket\10.1.20\tomcat-embed-websocket-10.1.20.jar;C:\Users\Usuario\.m2\repository\org\springframework\spring-webmvc\6.1.6\spring-webmvc-6.1.6.jar;C:\Users\Usuario\.m2\repository\org\springframework\boot\spring-boot-devtools\3.2.5\spring-boot-devtools-3.2.5.jar;C:\Users\Usuario\.m2\repository\org\springframework\boot\spring-boot\3.2.5\spring-boot-3.2.5.jar;C:\Users\Usuario\.m2\repository\org\springframework\boot\spring-boot-autoconfigure\3.2.5\spring-boot-autoconfigure-3.2.5.jar;C:\Users\Usuario\.m2\repository\org\mariadb\jdbc\mariadb-java-client\3.3.3\mariadb-java-client-3.3.3.jar;C:\Users\Usuario\.m2\repository\com\github\waffle\waffle-jna\3.3.0\waffle-jna-3.3.0.jar;C:\Users\Usuario\.m2\repository\net\java\dev\jna\jna\5.13.0\jna-5.13.0.jar;C:\Users\Usuario\.m2\repository\net\java\dev\jna\jna-platform\5.13.0\jna-platform-5.13.0.jar;C:\Users\Usuario\.m2\repository\org\slf4j\jcl-over-slf4j\2.0.13\jcl-over-slf4j-2.0.13.jar;C:\Users\Usuario\.m2\repository\com\github\ben-manes\caffeine\caffeine\3.1.8\caffeine-3.1.8.jar;C:\Users\Usuario\.m2\repository\com\google\errorprone\error_prone_annotations\2.21.1\error_prone_annotations-2.21.1.jar;C:\Users\Usuario\.m2\repository\org\checkerframework\checker-qual\3.32.0\checker-qual-3.32.0.jar;C:\Users\Usuario\.m2\repository\org\springframework\boot\spring-boot-starter-test\3.2.5\spring-boot-starter-test-3.2.5.jar;C:\Users\Usuario\.m2\repository\org\springframework\boot\spring-boot-test\3.2.5\spring-boot-test-3.2.5.jar;C:\Users\Usuario\.m2\repository\org\springframework\boot\spring-boot-test-autoconfigure\3.2.5\spring-boot-test-autoconfigure-3.2.5.jar;C:\Users\Usuario\.m2\repository\com\jayway\jsonpath\json-path\2.9.0\json-path-2.9.0.jar;C:\Users\Usuario\.m2\repository\jakarta\xml\bind\jakarta.xml.bind-api\4.0.2\jakarta.xml.bind-api-4.0.2.jar;C:\Users\Usuario\.m2\repository\jakarta\activation\jakarta.activation-api\2.1.3\jakarta.activation-api-2.1.3.jar;C:\Users\Usuario\.m2\repository\net\minidev\json-smart\2.5.1\json-smart-2.5.1.jar;C:\Users\Usuario\.m2\repository\net\minidev\accessors-smart\2.5.1\accessors-smart-2.5.1.jar;C:\Users\Usuario\.m2\repository\org\ow2\asm\asm\9.6\asm-9.6.jar;C:\Users\Usuario\.m2\repository\org\assertj\assertj-core\3.24.2\assertj-core-3.24.2.jar;C:\Users\Usuario\.m2\repository\org\awaitility\awaitility\4.2.1\awaitility-4.2.1.jar;C:\Users\Usuario\.m2\repository\org\hamcrest\hamcrest\2.2\hamcrest-2.2.jar;C:\Users\Usuario\.m2\repository\org\junit\jupiter\junit-jupiter\5.10.2\junit-jupiter-5.10.2.jar;C:\Users\Usuario\.m2\repository\org\junit\jupiter\junit-jupiter-params\5.10.2\junit-jupiter-params-5.10.2.jar;C:\Users\Usuario\.m2\repository\org\mockito\mockito-junit-jupiter\5.7.0\mockito-junit-jupiter-5.7.0.jar;C:\Users\Usuario\.m2\repository\org\skyscreamer\jsonassert\1.5.1\jsonassert-1.5.1.jar;C:\Users\Usuario\.m2\repository\com\vaadin\external\google\android-json\0.0.20131108.vaadin1\android-json-0.0.20131108.vaadin1.jar;C:\Users\Usuario\.m2\repository\org\springframework\spring-core\6.1.6\spring-core-6.1.6.jar;C:\Users\Usuario\.m2\repository\org\springframework\spring-jcl\6.1.6\spring-jcl-6.1.6.jar;C:\Users\Usuario\.m2\repository\org\springframework\spring-test\6.1.6\spring-test-6.1.6.jar;C:\Users\Usuario\.m2\repository\org\xmlunit\xmlunit-core\2.9.1\xmlunit-core-2.9.1.jar;C:\Users\Usuario\.m2\repository\org\projectlombok\lombok\1.18.30\lombok-1.18.30.jar;C:\Users\Usuario\.m2\repository\org\modelmapper\modelmapper\3.1.1\modelmapper-3.1.1.jar;C:\Users\Usuario\.m2\repository\org\springframework\boot\spring-boot-starter-validation\3.2.1\spring-boot-starter-validation-3.2.1.jar;C:\Users\Usuario\.m2\repository\org\apache\tomcat\embed\tomcat-embed-el\10.1.20\tomcat-embed-el-10.1.20.jar;C:\Users\Usuario\.m2\repository\org\hibernate\validator\hibernate-validator\8.0.1.Final\hibernate-validator-8.0.1.Final.jar;C:\Users\Usuario\.m2\repository\jakarta\validation\jakarta.validation-api\3.0.2\jakarta.validation-api-3.0.2.jar;C:\Users\Usuario\.m2\repository\org\springdoc\springdoc-openapi-starter-webmvc-ui\2.3.0\springdoc-openapi-starter-webmvc-ui-2.3.0.jar;C:\Users\Usuario\.m2\repository\org\springdoc\springdoc-openapi-starter-webmvc-api\2.3.0\springdoc-openapi-starter-webmvc-api-2.3.0.jar;C:\Users\Usuario\.m2\repository\org\springdoc\springdoc-openapi-starter-common\2.3.0\springdoc-openapi-starter-common-2.3.0.jar;C:\Users\Usuario\.m2\repository\io\swagger\core\v3\swagger-core-jakarta\2.2.19\swagger-core-jakarta-2.2.19.jar;C:\Users\Usuario\.m2\repository\org\apache\commons\commons-lang3\3.13.0\commons-lang3-3.13.0.jar;C:\Users\Usuario\.m2\repository\io\swagger\core\v3\swagger-annotations-jakarta\2.2.19\swagger-annotations-jakarta-2.2.19.jar;C:\Users\Usuario\.m2\repository\io\swagger\core\v3\swagger-models-jakarta\2.2.19\swagger-models-jakarta-2.2.19.jar;C:\Users\Usuario\.m2\repository\com\fasterxml\jackson\dataformat\jackson-dataformat-yaml\2.15.4\jackson-dataformat-yaml-2.15.4.jar;C:\Users\Usuario\.m2\repository\org\webjars\swagger-ui\5.10.3\swagger-ui-5.10.3.jar;C:\Users\Usuario\.m2\repository\org\springframework\boot\spring-boot-starter-security\3.2.5\spring-boot-starter-security-3.2.5.jar;C:\Users\Usuario\.m2\repository\org\springframework\spring-aop\6.1.6\spring-aop-6.1.6.jar;C:\Users\Usuario\.m2\repository\org\springframework\security\spring-security-config\6.2.4\spring-security-config-6.2.4.jar;C:\Users\Usuario\.m2\repository\org\springframework\security\spring-security-web\6.2.4\spring-security-web-6.2.4.jar;C:\Users\Usuario\.m2\repository\io\jsonwebtoken\jjwt-api\0.11.5\jjwt-api-0.11.5.jar;C:\Users\Usuario\.m2\repository\io\jsonwebtoken\jjwt-impl\0.11.5\jjwt-impl-0.11.5.jar;C:\Users\Usuario\.m2\repository\io\jsonwebtoken\jjwt-jackson\0.11.5\jjwt-jackson-0.11.5.jar;C:\Users\Usuario\.m2\repository\com\fasterxml\jackson\core\jackson-databind\2.15.4\jackson-databind-2.15.4.jar;C:\Users\Usuario\.m2\repository\com\fasterxml\jackson\core\jackson-core\2.15.4\jackson-core-2.15.4.jar;C:\Users\Usuario\.m2\repository\org\springframework\security\spring-security-core\6.2.4\spring-security-core-6.2.4.jar;C:\Users\Usuario\.m2\repository\org\springframework\security\spring-security-crypto\6.2.4\spring-security-crypto-6.2.4.jar;C:\Users\Usuario\.m2\repository\org\springframework\spring-beans\6.1.6\spring-beans-6.1.6.jar;C:\Users\Usuario\.m2\repository\org\springframework\spring-context\6.1.6\spring-context-6.1.6.jar;C:\Users\Usuario\.m2\repository\org\springframework\spring-expression\6.1.6\spring-expression-6.1.6.jar;C:\Users\Usuario\.m2\repository\io\micrometer\micrometer-observation\1.12.5\micrometer-observation-1.12.5.jar;C:\Users\Usuario\.m2\repository\io\micrometer\micrometer-commons\1.12.5\micrometer-commons-1.12.5.jar;C:\Users\Usuario\.m2\repository\org\springframework\spring-web\6.1.6\spring-web-6.1.6.jar;C:\Users\Usuario\.m2\repository\org\mockito\mockito-core\5.7.0\mockito-core-5.7.0.jar;C:\Users\Usuario\.m2\repository\net\bytebuddy\byte-buddy\1.14.13\byte-buddy-1.14.13.jar;C:\Users\Usuario\.m2\repository\net\bytebuddy\byte-buddy-agent\1.14.13\byte-buddy-agent-1.14.13.jar;C:\Users\Usuario\.m2\repository\org\objenesis\objenesis\3.3\objenesis-3.3.jar;C:\Users\Usuario\.m2\repository\org\junit\jupiter\junit-jupiter-engine\5.10.2\junit-jupiter-engine-5.10.2.jar;C:\Users\Usuario\.m2\repository\org\junit\platform\junit-platform-engine\1.10.2\junit-platform-engine-1.10.2.jar;C:\Users\Usuario\.m2\repository\org\opentest4j\opentest4j\1.3.0\opentest4j-1.3.0.jar;C:\Users\Usuario\.m2\repository\org\junit\platform\junit-platform-commons\1.10.2\junit-platform-commons-1.10.2.jar;C:\Users\Usuario\.m2\repository\org\junit\jupiter\junit-jupiter-api\5.10.2\junit-jupiter-api-5.10.2.jar;C:\Users\Usuario\.m2\repository\org\apiguardian\apiguardian-api\1.1.2\apiguardian-api-1.1.2.jar;"/>
    <property name="sun.cpu.endian" value="little"/>
    <property name="user.home" value="C:\Users\Usuario"/>
    <property name="user.language" value="es"/>
    <property name="java.specification.vendor" value="Oracle Corporation"/>
    <property name="java.version.date" value="2021-09-14"/>
    <property name="java.home" value="C:\Program Files\Java\jdk-17"/>
    <property name="file.separator" value="\"/>
    <property name="basedir" value="C:\Users\Usuario\OneDrive\Escritorio\Proyectos_github\padinfo\backend\padinfo_backend"/>
    <property name="java.vm.compressedOopsMode" value="32-bit"/>
    <property name="line.separator" value="&#10;"/>
    <property name="java.vm.specification.vendor" value="Oracle Corporation"/>
    <property name="java.specification.name" value="Java Platform API Specification"/>
    <property name="FILE_LOG_CHARSET" value="windows-1252"/>
    <property name="java.awt.headless" value="true"/>
    <property name="surefire.real.class.path" value="C:\Users\Usuario\AppData\Local\Temp\surefire6687997718325977917\surefirebooter-20240611121152328_3.jar"/>
    <property name="user.script" value=""/>
    <property name="sun.management.compiler" value="HotSpot 64-Bit Tiered Compilers"/>
    <property name="java.runtime.version" value="17+35-LTS-2724"/>
    <property name="user.name" value="Usuario"/>
    <property name="path.separator" value=";"/>
    <property name="os.version" value="10.0"/>
    <property name="java.runtime.name" value="Java(TM) SE Runtime Environment"/>
    <property name="file.encoding" value="Cp1252"/>
    <property name="java.vm.name" value="Java HotSpot(TM) 64-Bit Server VM"/>
    <property name="localRepository" value="C:\Users\Usuario\.m2\repository"/>
    <property name="java.vendor.url.bug" value="https://bugreport.java.com/bugreport/"/>
    <property name="java.io.tmpdir" value="C:\Users\Usuario\AppData\Local\Temp\"/>
    <property name="com.zaxxer.hikari.pool_number" value="1"/>
    <property name="java.version" value="17"/>
    <property name="user.dir" value="C:\Users\Usuario\OneDrive\Escritorio\Proyectos_github\padinfo\backend\padinfo_backend"/>
    <property name="os.arch" value="amd64"/>
    <property name="java.vm.specification.name" value="Java Virtual Machine Specification"/>
    <property name="PID" value="14560"/>
    <property name="sun.os.patch.level" value=""/>
    <property name="CONSOLE_LOG_CHARSET" value="windows-1252"/>
    <property name="native.encoding" value="Cp1252"/>
    <property name="java.library.path" value="C:\Program Files\Java\jdk-17\bin;C:\WINDOWS\Sun\Java\bin;C:\WINDOWS\system32;C:\WINDOWS;C:\Program Files\Microsoft\jdk-11.0.16.101-hotspot\bin;C:\Program Files\Common Files\Oracle\Java\javapath;C:\Program Files (x86)\Common Files\Oracle\Java\javapath;C:\ProgramData\Oracle\Java\javapath;C:\WINDOWS\system32;C:\WINDOWS;C:\WINDOWS\System32\Wbem;C:\WINDOWS\System32\WindowsPowerShell\v1.0\;C:\WINDOWS\System32\OpenSSH\;C:\Program Files\dotnet\;C:\Program Files\Git\cmd;C:\Program Files\nodejs\;C:\Program Files\PuTTY\;C:\Program Files\MySQL\MySQL Shell 8.0\bin\;C:\Users\Usuario\AppData\Local\Microsoft\WindowsApps;C:\Users\Usuario\AppData\Local\Programs\Microsoft VS Code\bin;C:\Users\Usuario\AppData\Roaming\npm;C:\Users\Usuario\AppData\Local\GitHubDesktop\bin;C:\Users\Usuario\.dotnet\tools;C:\jq;;."/>
    <property name="java.vm.info" value="mixed mode, sharing"/>
    <property name="java.vendor" value="Oracle Corporation"/>
    <property name="java.vm.version" value="17+35-LTS-2724"/>
    <property name="sun.io.unicode.encoding" value="UnicodeLittle"/>
    <property name="java.class.version" value="61.0"/>
  </properties>
  <testcase name="contextLoads" classname="com.backend.padinfo_backend.PadinfoBackendApplicationTests" time="0.028">
    <system-out><![CDATA[12:11:56.336 [main] INFO org.springframework.test.context.support.AnnotationConfigContextLoaderUtils -- Could not detect default configuration classes for test class [com.backend.padinfo_backend.PadinfoBackendApplicationTests]: PadinfoBackendApplicationTests does not declare any static, non-private, non-final, nested classes annotated with @Configuration.
12:11:56.574 [main] INFO org.springframework.boot.test.context.SpringBootTestContextBootstrapper -- Found @SpringBootConfiguration com.backend.padinfo_backend.PadinfoBackendApplication for test class com.backend.padinfo_backend.PadinfoBackendApplicationTests
12:11:56.902 [main] INFO org.springframework.boot.devtools.restart.RestartApplicationListener -- Restart disabled due to context in which it is running
12:11:56,073 |-INFO in ch.qos.logback.classic.LoggerContext[default] - This is logback-classic version 1.4.14
12:11:56,078 |-INFO in ch.qos.logback.classic.util.ContextInitializer@4d84049a - Here is a list of configurators discovered as a service, by rank: 
12:11:56,078 |-INFO in ch.qos.logback.classic.util.ContextInitializer@4d84049a -   org.springframework.boot.logging.logback.RootLogLevelConfigurator
12:11:56,078 |-INFO in ch.qos.logback.classic.util.ContextInitializer@4d84049a - They will be invoked in order until ExecutionStatus.DO_NOT_INVOKE_NEXT_IF_ANY is returned.
12:11:56,078 |-INFO in ch.qos.logback.classic.util.ContextInitializer@4d84049a - Constructed configurator of type class org.springframework.boot.logging.logback.RootLogLevelConfigurator
12:11:56,085 |-INFO in ch.qos.logback.classic.util.ContextInitializer@4d84049a - org.springframework.boot.logging.logback.RootLogLevelConfigurator.configure() call lasted 1 milliseconds. ExecutionStatus=INVOKE_NEXT_IF_ANY
12:11:56,085 |-INFO in ch.qos.logback.classic.util.ContextInitializer@4d84049a - Trying to configure with ch.qos.logback.classic.joran.SerializedModelConfigurator
12:11:56,087 |-INFO in ch.qos.logback.classic.util.ContextInitializer@4d84049a - Constructed configurator of type class ch.qos.logback.classic.joran.SerializedModelConfigurator
12:11:56,088 |-INFO in ch.qos.logback.classic.LoggerContext[default] - Could NOT find resource [logback-test.scmo]
12:11:56,088 |-INFO in ch.qos.logback.classic.LoggerContext[default] - Could NOT find resource [logback.scmo]
12:11:56,088 |-INFO in ch.qos.logback.classic.util.ContextInitializer@4d84049a - ch.qos.logback.classic.joran.SerializedModelConfigurator.configure() call lasted 1 milliseconds. ExecutionStatus=INVOKE_NEXT_IF_ANY
12:11:56,088 |-INFO in ch.qos.logback.classic.util.ContextInitializer@4d84049a - Trying to configure with ch.qos.logback.classic.util.DefaultJoranConfigurator
12:11:56,089 |-INFO in ch.qos.logback.classic.util.ContextInitializer@4d84049a - Constructed configurator of type class ch.qos.logback.classic.util.DefaultJoranConfigurator
12:11:56,090 |-INFO in ch.qos.logback.classic.LoggerContext[default] - Could NOT find resource [logback-test.xml]
12:11:56,090 |-INFO in ch.qos.logback.classic.LoggerContext[default] - Could NOT find resource [logback.xml]
12:11:56,090 |-INFO in ch.qos.logback.classic.util.ContextInitializer@4d84049a - ch.qos.logback.classic.util.DefaultJoranConfigurator.configure() call lasted 1 milliseconds. ExecutionStatus=INVOKE_NEXT_IF_ANY
12:11:56,090 |-INFO in ch.qos.logback.classic.util.ContextInitializer@4d84049a - Trying to configure with ch.qos.logback.classic.BasicConfigurator
12:11:56,093 |-INFO in ch.qos.logback.classic.util.ContextInitializer@4d84049a - Constructed configurator of type class ch.qos.logback.classic.BasicConfigurator
12:11:56,093 |-INFO in ch.qos.logback.classic.BasicConfigurator@39ee94de - Setting up default configuration.
12:11:56,114 |-INFO in ch.qos.logback.classic.util.ContextInitializer@4d84049a - ch.qos.logback.classic.BasicConfigurator.configure() call lasted 21 milliseconds. ExecutionStatus=NEUTRAL
12:11:57,307 |-INFO in ch.qos.logback.core.joran.util.ConfigurationWatchListUtil@642857e0 - Adding [jar:file:/C:/Users/Usuario/.m2/repository/org/springframework/boot/spring-boot/3.2.5/spring-boot-3.2.5.jar!/org/springframework/boot/logging/logback/defaults.xml] to configuration watch list.
12:11:57,307 |-INFO in ch.qos.logback.core.joran.spi.ConfigurationWatchList@4c6b4ed7 - URL [jar:file:/C:/Users/Usuario/.m2/repository/org/springframework/boot/spring-boot/3.2.5/spring-boot-3.2.5.jar!/org/springframework/boot/logging/logback/defaults.xml] is not of type file
12:11:57,310 |-INFO in ch.qos.logback.core.joran.action.ConversionRuleAction - registering conversion word applicationName with class [org.springframework.boot.logging.logback.ApplicationNameConverter]
12:11:57,310 |-INFO in ch.qos.logback.core.joran.action.ConversionRuleAction - registering conversion word clr with class [org.springframework.boot.logging.logback.ColorConverter]
12:11:57,310 |-INFO in ch.qos.logback.core.joran.action.ConversionRuleAction - registering conversion word correlationId with class [org.springframework.boot.logging.logback.CorrelationIdConverter]
12:11:57,310 |-INFO in ch.qos.logback.core.joran.action.ConversionRuleAction - registering conversion word wex with class [org.springframework.boot.logging.logback.WhitespaceThrowableProxyConverter]
12:11:57,310 |-INFO in ch.qos.logback.core.joran.action.ConversionRuleAction - registering conversion word wEx with class [org.springframework.boot.logging.logback.ExtendedWhitespaceThrowableProxyConverter]
12:11:57,368 |-INFO in ch.qos.logback.classic.model.processor.LoggerModelHandler - Setting level of logger [org.apache.catalina.startup.DigesterFactory] to ERROR
12:11:57,368 |-INFO in ch.qos.logback.classic.jul.LevelChangePropagator@21263314 - Propagating ERROR level on Logger[org.apache.catalina.startup.DigesterFactory] onto the JUL framework
12:11:57,368 |-INFO in ch.qos.logback.classic.model.processor.LoggerModelHandler - Setting level of logger [org.apache.catalina.util.LifecycleBase] to ERROR
12:11:57,368 |-INFO in ch.qos.logback.classic.jul.LevelChangePropagator@21263314 - Propagating ERROR level on Logger[org.apache.catalina.util.LifecycleBase] onto the JUL framework
12:11:57,369 |-INFO in ch.qos.logback.classic.model.processor.LoggerModelHandler - Setting level of logger [org.apache.coyote.http11.Http11NioProtocol] to WARN
12:11:57,369 |-INFO in ch.qos.logback.classic.jul.LevelChangePropagator@21263314 - Propagating WARN level on Logger[org.apache.coyote.http11.Http11NioProtocol] onto the JUL framework
12:11:57,369 |-INFO in ch.qos.logback.classic.model.processor.LoggerModelHandler - Setting level of logger [org.apache.sshd.common.util.SecurityUtils] to WARN
12:11:57,369 |-INFO in ch.qos.logback.classic.jul.LevelChangePropagator@21263314 - Propagating WARN level on Logger[org.apache.sshd.common.util.SecurityUtils] onto the JUL framework
12:11:57,369 |-INFO in ch.qos.logback.classic.model.processor.LoggerModelHandler - Setting level of logger [org.apache.tomcat.util.net.NioSelectorPool] to WARN
12:11:57,369 |-INFO in ch.qos.logback.classic.jul.LevelChangePropagator@21263314 - Propagating WARN level on Logger[org.apache.tomcat.util.net.NioSelectorPool] onto the JUL framework
12:11:57,369 |-INFO in ch.qos.logback.classic.model.processor.LoggerModelHandler - Setting level of logger [org.eclipse.jetty.util.component.AbstractLifeCycle] to ERROR
12:11:57,369 |-INFO in ch.qos.logback.classic.jul.LevelChangePropagator@21263314 - Propagating ERROR level on Logger[org.eclipse.jetty.util.component.AbstractLifeCycle] onto the JUL framework
12:11:57,369 |-INFO in ch.qos.logback.classic.model.processor.LoggerModelHandler - Setting level of logger [org.hibernate.validator.internal.util.Version] to WARN
12:11:57,369 |-INFO in ch.qos.logback.classic.jul.LevelChangePropagator@21263314 - Propagating WARN level on Logger[org.hibernate.validator.internal.util.Version] onto the JUL framework
12:11:57,369 |-INFO in ch.qos.logback.classic.model.processor.LoggerModelHandler - Setting level of logger [org.springframework.boot.actuate.endpoint.jmx] to WARN
12:11:57,369 |-INFO in ch.qos.logback.classic.jul.LevelChangePropagator@21263314 - Propagating WARN level on Logger[org.springframework.boot.actuate.endpoint.jmx] onto the JUL framework
12:11:57,369 |-INFO in ch.qos.logback.core.model.processor.AppenderModelHandler - Processing appender named [Console]
12:11:57,369 |-INFO in ch.qos.logback.core.model.processor.AppenderModelHandler - About to instantiate appender of type [ch.qos.logback.core.ConsoleAppender]
12:11:57,395 |-WARN in ch.qos.logback.core.ConsoleAppender[Console] - This appender no longer admits a layout as a sub-component, set an encoder instead.
12:11:57,395 |-WARN in ch.qos.logback.core.ConsoleAppender[Console] - To ensure compatibility, wrapping your layout in LayoutWrappingEncoder.
12:11:57,395 |-WARN in ch.qos.logback.core.ConsoleAppender[Console] - See also http://logback.qos.ch/codes.html#layoutInsteadOfEncoder for details
12:11:57,395 |-INFO in ch.qos.logback.core.model.processor.AppenderModelHandler - Processing appender named [FILE]
12:11:57,395 |-INFO in ch.qos.logback.core.model.processor.AppenderModelHandler - About to instantiate appender of type [ch.qos.logback.core.rolling.RollingFileAppender]
12:11:57,405 |-INFO in ch.qos.logback.core.model.processor.ImplicitModelHandler - Assuming default type [ch.qos.logback.classic.encoder.PatternLayoutEncoder] for [encoder] property
12:11:57,413 |-INFO in c.q.l.core.rolling.TimeBasedRollingPolicy@1822624650 - No compression will be used
12:11:57,414 |-INFO in c.q.l.core.rolling.TimeBasedRollingPolicy@1822624650 - Will use the pattern /home/ubuntu/logs/padinfo_%d{yyyy-MM-dd}.log for the active file
12:11:57,418 |-INFO in c.q.l.core.rolling.DefaultTimeBasedFileNamingAndTriggeringPolicy - The date pattern is 'yyyy-MM-dd' from file name pattern '/home/ubuntu/logs/padinfo_%d{yyyy-MM-dd}.log'.
12:11:57,418 |-INFO in c.q.l.core.rolling.DefaultTimeBasedFileNamingAndTriggeringPolicy - Roll-over at midnight.
12:11:57,420 |-INFO in c.q.l.core.rolling.DefaultTimeBasedFileNamingAndTriggeringPolicy - Setting initial period to 2024-06-09T17:44:55.065Z
12:11:57,427 |-INFO in ch.qos.logback.core.rolling.RollingFileAppender[FILE] - Active log file name: /home/ubuntu/logs/padinfo.log
12:11:57,427 |-INFO in ch.qos.logback.core.rolling.RollingFileAppender[FILE] - File property is set to [/home/ubuntu/logs/padinfo.log]
12:11:57,428 |-INFO in ch.qos.logback.classic.model.processor.RootLoggerModelHandler - Setting level of ROOT logger to INFO
12:11:57,428 |-INFO in ch.qos.logback.classic.jul.LevelChangePropagator@21263314 - Propagating INFO level on Logger[ROOT] onto the JUL framework
12:11:57,429 |-INFO in ch.qos.logback.core.model.processor.AppenderRefModelHandler - Attaching appender named [FILE] to Logger[ROOT]
12:11:57,429 |-INFO in ch.qos.logback.core.model.processor.AppenderRefModelHandler - Attaching appender named [Console] to Logger[ROOT]
12:11:57,429 |-INFO in ch.qos.logback.core.model.processor.DefaultProcessor@4a92c6a9 - End of configuration.
12:11:57,429 |-INFO in org.springframework.boot.logging.logback.SpringBootJoranConfigurator@5c9934da - Registering current configuration as safe fallback point


  .   ____          _            __ _ _
 /\\ / ___'_ __ _ _(_)_ __  __ _ \ \ \ \
( ( )\___ | '_ | '_| | '_ \/ _` | \ \ \ \
 \\/  ___)| |_)| | | | | || (_| |  ) ) ) )
  '  |____| .__|_| |_|_| |_\__, | / / / /
 =========|_|==============|___/=/_/_/_/
 :: Spring Boot ::                (v3.2.5)

&amp#27;[37m2024-06-11 12:11:57,618&amp#27;[0;39m &amp#27;[34mINFO &amp#27;[0;39m [&amp#27;[34mmain&amp#27;[0;39m] &amp#27;[33mo.s.b.StartupInfoLogger&amp#27;[0;39m                         : Starting PadinfoBackendApplicationTests using Java 17 with PID 14560 (started by Usuario in C:\Users\Usuario\OneDrive\Escritorio\Proyectos_github\padinfo\backend\padinfo_backend)
&amp#27;[37m2024-06-11 12:11:57,630&amp#27;[0;39m &amp#27;[34mINFO &amp#27;[0;39m [&amp#27;[34mmain&amp#27;[0;39m] &amp#27;[33mo.s.b.SpringApplication&amp#27;[0;39m                         : No active profile set, falling back to 1 default profile: "default"
&amp#27;[37m2024-06-11 12:11:59,969&amp#27;[0;39m &amp#27;[34mINFO &amp#27;[0;39m [&amp#27;[34mmain&amp#27;[0;39m] &amp#27;[33mo.s.d.r.c.RepositoryConfigurationDelegate&amp#27;[0;39m       : Bootstrapping Spring Data JPA repositories in DEFAULT mode.
&amp#27;[37m2024-06-11 12:12:00,163&amp#27;[0;39m &amp#27;[34mINFO &amp#27;[0;39m [&amp#27;[34mmain&amp#27;[0;39m] &amp#27;[33mo.s.d.r.c.RepositoryConfigurationDelegate&amp#27;[0;39m       : Finished Spring Data repository scanning in 173 ms. Found 5 JPA repository interfaces.
&amp#27;[37m2024-06-11 12:12:01,534&amp#27;[0;39m &amp#27;[34mINFO &amp#27;[0;39m [&amp#27;[34mmain&amp#27;[0;39m] &amp#27;[33mo.h.j.i.u.LogHelper&amp#27;[0;39m                             : HHH000204: Processing PersistenceUnitInfo [name: default]
&amp#27;[37m2024-06-11 12:12:01,756&amp#27;[0;39m &amp#27;[34mINFO &amp#27;[0;39m [&amp#27;[34mmain&amp#27;[0;39m] &amp#27;[33mo.hibernate.Version&amp#27;[0;39m                             : HHH000412: Hibernate ORM core version 6.4.4.Final
&amp#27;[37m2024-06-11 12:12:01,887&amp#27;[0;39m &amp#27;[34mINFO &amp#27;[0;39m [&amp#27;[34mmain&amp#27;[0;39m] &amp#27;[33mo.h.c.i.RegionFactoryInitiator&amp#27;[0;39m                  : HHH000026: Second-level cache disabled
&amp#27;[37m2024-06-11 12:12:03,274&amp#27;[0;39m &amp#27;[34mINFO &amp#27;[0;39m [&amp#27;[34mmain&amp#27;[0;39m] &amp#27;[33mo.s.o.j.p.SpringPersistenceUnitInfo&amp#27;[0;39m             : No LoadTimeWeaver setup: ignoring JPA class transformer
&amp#27;[37m2024-06-11 12:12:03,355&amp#27;[0;39m &amp#27;[34mINFO &amp#27;[0;39m [&amp#27;[34mmain&amp#27;[0;39m] &amp#27;[33mc.z.h.HikariDataSource&amp#27;[0;39m                          : HikariPool-1 - Starting...
&amp#27;[37m2024-06-11 12:12:04,310&amp#27;[0;39m &amp#27;[34mINFO &amp#27;[0;39m [&amp#27;[34mmain&amp#27;[0;39m] &amp#27;[33mc.z.h.p.HikariPool&amp#27;[0;39m                              : HikariPool-1 - Added connection org.mariadb.jdbc.Connection@7e36d508
&amp#27;[37m2024-06-11 12:12:04,314&amp#27;[0;39m &amp#27;[34mINFO &amp#27;[0;39m [&amp#27;[34mmain&amp#27;[0;39m] &amp#27;[33mc.z.h.HikariDataSource&amp#27;[0;39m                          : HikariPool-1 - Start completed.
&amp#27;[37m2024-06-11 12:12:05,868&amp#27;[0;39m &amp#27;[34mINFO &amp#27;[0;39m [&amp#27;[34mmain&amp#27;[0;39m] &amp#27;[33mo.h.e.t.j.p.i.JtaPlatformInitiator&amp#27;[0;39m              : HHH000489: No JTA platform available (set 'hibernate.transaction.jta.platform' to enable JTA platform integration)
&amp#27;[37m2024-06-11 12:12:06,933&amp#27;[0;39m &amp#27;[39mDEBUG&amp#27;[0;39m [&amp#27;[34mmain&amp#27;[0;39m] &amp#27;[33mo.h.e.j.s.SqlStatementLogger&amp#27;[0;39m                    : create table `game` (`id` bigint not null auto_increment, `name_player1` varchar(255) not null, `name_player2` varchar(255) not null, `name_player3` varchar(255) not null, `name_player4` varchar(255) not null, `set1_points_t1` integer not null, `set1_points_t2` integer not null, `set2_points_t1` integer not null, `set2_points_t2` integer not null, `set3_points_t1` integer not null, `set3_points_t2` integer not null, `winner_team` integer not null, `user_id` bigint not null, primary key (`id`)) engine=InnoDB
&amp#27;[37m2024-06-11 12:12:07,055&amp#27;[0;39m &amp#27;[39mDEBUG&amp#27;[0;39m [&amp#27;[34mmain&amp#27;[0;39m] &amp#27;[33mo.h.e.j.s.SqlStatementLogger&amp#27;[0;39m                    : create table `player` (`id` bigint not null auto_increment, `gender` varchar(255) not null, `image_url` varchar(255) not null, `name` varchar(255) not null, `points` varchar(255) not null, `ranking_position` integer not null, primary key (`id`)) engine=InnoDB
&amp#27;[37m2024-06-11 12:12:07,177&amp#27;[0;39m &amp#27;[39mDEBUG&amp#27;[0;39m [&amp#27;[34mmain&amp#27;[0;39m] &amp#27;[33mo.h.e.j.s.SqlStatementLogger&amp#27;[0;39m                    : create table `rol` (`id` bigint not null auto_increment, `name` varchar(255), primary key (`id`)) engine=InnoDB
&amp#27;[37m2024-06-11 12:12:07,297&amp#27;[0;39m &amp#27;[39mDEBUG&amp#27;[0;39m [&amp#27;[34mmain&amp#27;[0;39m] &amp#27;[33mo.h.e.j.s.SqlStatementLogger&amp#27;[0;39m                    : create table `tournament` (`id` bigint not null auto_increment, `city` varchar(255) not null, `image_url` varchar(255) not null, `name` varchar(255) not null, primary key (`id`)) engine=InnoDB
&amp#27;[37m2024-06-11 12:12:07,416&amp#27;[0;39m &amp#27;[39mDEBUG&amp#27;[0;39m [&amp#27;[34mmain&amp#27;[0;39m] &amp#27;[33mo.h.e.j.s.SqlStatementLogger&amp#27;[0;39m                    : create table `user_role` (`user_id` bigint not null, `role_id` bigint not null) engine=InnoDB
&amp#27;[37m2024-06-11 12:12:07,540&amp#27;[0;39m &amp#27;[39mDEBUG&amp#27;[0;39m [&amp#27;[34mmain&amp#27;[0;39m] &amp#27;[33mo.h.e.j.s.SqlStatementLogger&amp#27;[0;39m                    : create table `users` (`id` bigint not null auto_increment, `email` varchar(255), `image_url` varchar(255), `is_connected` integer not null, `lastname` varchar(255), `name` varchar(255), `password` varchar(255) not null, `username` varchar(255) not null, primary key (`id`)) engine=InnoDB
&amp#27;[37m2024-06-11 12:12:07,665&amp#27;[0;39m &amp#27;[39mDEBUG&amp#27;[0;39m [&amp#27;[34mmain&amp#27;[0;39m] &amp#27;[33mo.h.e.j.s.SqlStatementLogger&amp#27;[0;39m                    : alter table if exists `users` drop index if exists UK_r43af9ap4edm43mmtq01oddj6
&amp#27;[37m2024-06-11 12:12:07,889&amp#27;[0;39m &amp#27;[39mDEBUG&amp#27;[0;39m [&amp#27;[34mmain&amp#27;[0;39m] &amp#27;[33mo.h.e.j.s.SqlStatementLogger&amp#27;[0;39m                    : alter table if exists `users` add constraint UK_r43af9ap4edm43mmtq01oddj6 unique (`username`)
&amp#27;[37m2024-06-11 12:12:08,018&amp#27;[0;39m &amp#27;[39mDEBUG&amp#27;[0;39m [&amp#27;[34mmain&amp#27;[0;39m] &amp#27;[33mo.h.e.j.s.SqlStatementLogger&amp#27;[0;39m                    : alter table if exists `game` add constraint `FKha1h3eusp0xah158fts3hw6hy` foreign key (`user_id`) references `users` (`id`)
&amp#27;[37m2024-06-11 12:12:08,161&amp#27;[0;39m &amp#27;[39mDEBUG&amp#27;[0;39m [&amp#27;[34mmain&amp#27;[0;39m] &amp#27;[33mo.h.e.j.s.SqlStatementLogger&amp#27;[0;39m                    : alter table if exists `user_role` add constraint `FKgbw7ugvky0pvoabsso7wrpif3` foreign key (`role_id`) references `rol` (`id`)
&amp#27;[37m2024-06-11 12:12:08,299&amp#27;[0;39m &amp#27;[39mDEBUG&amp#27;[0;39m [&amp#27;[34mmain&amp#27;[0;39m] &amp#27;[33mo.h.e.j.s.SqlStatementLogger&amp#27;[0;39m                    : alter table if exists `user_role` add constraint `FKpwfddxbsye75keansxohc42l` foreign key (`user_id`) references `users` (`id`)
&amp#27;[37m2024-06-11 12:12:08,442&amp#27;[0;39m &amp#27;[34mINFO &amp#27;[0;39m [&amp#27;[34mmain&amp#27;[0;39m] &amp#27;[33mo.s.o.j.AbstractEntityManagerFactoryBean&amp#27;[0;39m        : Initialized JPA EntityManagerFactory for persistence unit 'default'
&amp#27;[37m2024-06-11 12:12:09,132&amp#27;[0;39m &amp#27;[34mINFO &amp#27;[0;39m [&amp#27;[34mmain&amp#27;[0;39m] &amp#27;[33mo.s.d.j.r.q.QueryEnhancerFactory&amp#27;[0;39m                : Hibernate is in classpath; If applicable, HQL parser will be used.
&amp#27;[37m2024-06-11 12:12:09,683&amp#27;[0;39m &amp#27;[31mWARN &amp#27;[0;39m [&amp#27;[34mmain&amp#27;[0;39m] mo.s.b.a.o.j.JpaBaseConfiguration$JpaWebConfiguration&amp#27;[0;39m: spring.jpa.open-in-view is enabled by default. Therefore, database queries may be performed during view rendering. Explicitly configure spring.jpa.open-in-view to disable this warning
&amp#27;[37m2024-06-11 12:12:11,427&amp#27;[0;39m &amp#27;[34mINFO &amp#27;[0;39m [&amp#27;[34mmain&amp#27;[0;39m] &amp#27;[33mo.s.s.w.DefaultSecurityFilterChain&amp#27;[0;39m              : Will secure any request with [org.springframework.security.web.session.DisableEncodeUrlFilter@304c8f39, org.springframework.security.web.context.request.async.WebAsyncManagerIntegrationFilter@525efc8c, org.springframework.security.web.context.SecurityContextHolderFilter@384abf00, org.springframework.security.web.header.HeaderWriterFilter@adb1197, org.springframework.security.web.authentication.logout.LogoutFilter@4840e7, com.backend.padinfo_backend.Security.JwtAuthenticationFilter@7ffe0471, org.springframework.security.web.savedrequest.RequestCacheAwareFilter@27e7953b, org.springframework.security.web.servletapi.SecurityContextHolderAwareRequestFilter@53a86a22, org.springframework.security.web.authentication.AnonymousAuthenticationFilter@34634dff, org.springframework.security.web.session.SessionManagementFilter@ac94285, org.springframework.security.web.access.ExceptionTranslationFilter@b0bb7f1, org.springframework.security.web.access.intercept.AuthorizationFilter@c1dcdb9]
&amp#27;[37m2024-06-11 12:12:11,984&amp#27;[0;39m &amp#27;[39mDEBUG&amp#27;[0;39m [&amp#27;[34mmain&amp#27;[0;39m] &amp#27;[33mo.h.e.j.s.SqlStatementLogger&amp#27;[0;39m                    : select count(*) from `tournament` t1_0
&amp#27;[37m2024-06-11 12:12:12,458&amp#27;[0;39m &amp#27;[39mDEBUG&amp#27;[0;39m [&amp#27;[34mmain&amp#27;[0;39m] &amp#27;[33mo.h.e.j.s.SqlStatementLogger&amp#27;[0;39m                    : insert into `tournament` (`city`,`image_url`,`name`) values (?,?,?)
&amp#27;[37m2024-06-11 12:12:12,580&amp#27;[0;39m &amp#27;[39mDEBUG&amp#27;[0;39m [&amp#27;[34mmain&amp#27;[0;39m] &amp#27;[33mo.h.e.j.s.SqlStatementLogger&amp#27;[0;39m                    : insert into `tournament` (`city`,`image_url`,`name`) values (?,?,?)
&amp#27;[37m2024-06-11 12:12:12,689&amp#27;[0;39m &amp#27;[39mDEBUG&amp#27;[0;39m [&amp#27;[34mmain&amp#27;[0;39m] &amp#27;[33mo.h.e.j.s.SqlStatementLogger&amp#27;[0;39m                    : insert into `tournament` (`city`,`image_url`,`name`) values (?,?,?)
&amp#27;[37m2024-06-11 12:12:12,798&amp#27;[0;39m &amp#27;[39mDEBUG&amp#27;[0;39m [&amp#27;[34mmain&amp#27;[0;39m] &amp#27;[33mo.h.e.j.s.SqlStatementLogger&amp#27;[0;39m                    : insert into `tournament` (`city`,`image_url`,`name`) values (?,?,?)
&amp#27;[37m2024-06-11 12:12:12,907&amp#27;[0;39m &amp#27;[39mDEBUG&amp#27;[0;39m [&amp#27;[34mmain&amp#27;[0;39m] &amp#27;[33mo.h.e.j.s.SqlStatementLogger&amp#27;[0;39m                    : insert into `tournament` (`city`,`image_url`,`name`) values (?,?,?)
&amp#27;[37m2024-06-11 12:12:13,015&amp#27;[0;39m &amp#27;[39mDEBUG&amp#27;[0;39m [&amp#27;[34mmain&amp#27;[0;39m] &amp#27;[33mo.h.e.j.s.SqlStatementLogger&amp#27;[0;39m                    : insert into `tournament` (`city`,`image_url`,`name`) values (?,?,?)
&amp#27;[37m2024-06-11 12:12:13,124&amp#27;[0;39m &amp#27;[39mDEBUG&amp#27;[0;39m [&amp#27;[34mmain&amp#27;[0;39m] &amp#27;[33mo.h.e.j.s.SqlStatementLogger&amp#27;[0;39m                    : insert into `tournament` (`city`,`image_url`,`name`) values (?,?,?)
&amp#27;[37m2024-06-11 12:12:13,233&amp#27;[0;39m &amp#27;[39mDEBUG&amp#27;[0;39m [&amp#27;[34mmain&amp#27;[0;39m] &amp#27;[33mo.h.e.j.s.SqlStatementLogger&amp#27;[0;39m                    : insert into `tournament` (`city`,`image_url`,`name`) values (?,?,?)
&amp#27;[37m2024-06-11 12:12:13,343&amp#27;[0;39m &amp#27;[39mDEBUG&amp#27;[0;39m [&amp#27;[34mmain&amp#27;[0;39m] &amp#27;[33mo.h.e.j.s.SqlStatementLogger&amp#27;[0;39m                    : insert into `tournament` (`city`,`image_url`,`name`) values (?,?,?)
&amp#27;[37m2024-06-11 12:12:13,452&amp#27;[0;39m &amp#27;[39mDEBUG&amp#27;[0;39m [&amp#27;[34mmain&amp#27;[0;39m] &amp#27;[33mo.h.e.j.s.SqlStatementLogger&amp#27;[0;39m                    : insert into `tournament` (`city`,`image_url`,`name`) values (?,?,?)
&amp#27;[37m2024-06-11 12:12:13,561&amp#27;[0;39m &amp#27;[39mDEBUG&amp#27;[0;39m [&amp#27;[34mmain&amp#27;[0;39m] &amp#27;[33mo.h.e.j.s.SqlStatementLogger&amp#27;[0;39m                    : insert into `tournament` (`city`,`image_url`,`name`) values (?,?,?)
&amp#27;[37m2024-06-11 12:12:13,669&amp#27;[0;39m &amp#27;[39mDEBUG&amp#27;[0;39m [&amp#27;[34mmain&amp#27;[0;39m] &amp#27;[33mo.h.e.j.s.SqlStatementLogger&amp#27;[0;39m                    : insert into `tournament` (`city`,`image_url`,`name`) values (?,?,?)
&amp#27;[37m2024-06-11 12:12:13,779&amp#27;[0;39m &amp#27;[39mDEBUG&amp#27;[0;39m [&amp#27;[34mmain&amp#27;[0;39m] &amp#27;[33mo.h.e.j.s.SqlStatementLogger&amp#27;[0;39m                    : insert into `tournament` (`city`,`image_url`,`name`) values (?,?,?)
&amp#27;[37m2024-06-11 12:12:13,888&amp#27;[0;39m &amp#27;[39mDEBUG&amp#27;[0;39m [&amp#27;[34mmain&amp#27;[0;39m] &amp#27;[33mo.h.e.j.s.SqlStatementLogger&amp#27;[0;39m                    : insert into `tournament` (`city`,`image_url`,`name`) values (?,?,?)
&amp#27;[37m2024-06-11 12:12:13,997&amp#27;[0;39m &amp#27;[39mDEBUG&amp#27;[0;39m [&amp#27;[34mmain&amp#27;[0;39m] &amp#27;[33mo.h.e.j.s.SqlStatementLogger&amp#27;[0;39m                    : insert into `tournament` (`city`,`image_url`,`name`) values (?,?,?)
&amp#27;[37m2024-06-11 12:12:14,106&amp#27;[0;39m &amp#27;[39mDEBUG&amp#27;[0;39m [&amp#27;[34mmain&amp#27;[0;39m] &amp#27;[33mo.h.e.j.s.SqlStatementLogger&amp#27;[0;39m                    : insert into `tournament` (`city`,`image_url`,`name`) values (?,?,?)
&amp#27;[37m2024-06-11 12:12:14,214&amp#27;[0;39m &amp#27;[39mDEBUG&amp#27;[0;39m [&amp#27;[34mmain&amp#27;[0;39m] &amp#27;[33mo.h.e.j.s.SqlStatementLogger&amp#27;[0;39m                    : insert into `tournament` (`city`,`image_url`,`name`) values (?,?,?)
&amp#27;[37m2024-06-11 12:12:14,325&amp#27;[0;39m &amp#27;[39mDEBUG&amp#27;[0;39m [&amp#27;[34mmain&amp#27;[0;39m] &amp#27;[33mo.h.e.j.s.SqlStatementLogger&amp#27;[0;39m                    : insert into `tournament` (`city`,`image_url`,`name`) values (?,?,?)
&amp#27;[37m2024-06-11 12:12:14,434&amp#27;[0;39m &amp#27;[39mDEBUG&amp#27;[0;39m [&amp#27;[34mmain&amp#27;[0;39m] &amp#27;[33mo.h.e.j.s.SqlStatementLogger&amp#27;[0;39m                    : insert into `tournament` (`city`,`image_url`,`name`) values (?,?,?)
&amp#27;[37m2024-06-11 12:12:14,543&amp#27;[0;39m &amp#27;[39mDEBUG&amp#27;[0;39m [&amp#27;[34mmain&amp#27;[0;39m] &amp#27;[33mo.h.e.j.s.SqlStatementLogger&amp#27;[0;39m                    : insert into `tournament` (`city`,`image_url`,`name`) values (?,?,?)
&amp#27;[37m2024-06-11 12:12:14,653&amp#27;[0;39m &amp#27;[39mDEBUG&amp#27;[0;39m [&amp#27;[34mmain&amp#27;[0;39m] &amp#27;[33mo.h.e.j.s.SqlStatementLogger&amp#27;[0;39m                    : insert into `tournament` (`city`,`image_url`,`name`) values (?,?,?)
&amp#27;[37m2024-06-11 12:12:14,762&amp#27;[0;39m &amp#27;[39mDEBUG&amp#27;[0;39m [&amp#27;[34mmain&amp#27;[0;39m] &amp#27;[33mo.h.e.j.s.SqlStatementLogger&amp#27;[0;39m                    : insert into `tournament` (`city`,`image_url`,`name`) values (?,?,?)
&amp#27;[37m2024-06-11 12:12:14,871&amp#27;[0;39m &amp#27;[39mDEBUG&amp#27;[0;39m [&amp#27;[34mmain&amp#27;[0;39m] &amp#27;[33mo.h.e.j.s.SqlStatementLogger&amp#27;[0;39m                    : insert into `tournament` (`city`,`image_url`,`name`) values (?,?,?)
&amp#27;[37m2024-06-11 12:12:14,980&amp#27;[0;39m &amp#27;[39mDEBUG&amp#27;[0;39m [&amp#27;[34mmain&amp#27;[0;39m] &amp#27;[33mo.h.e.j.s.SqlStatementLogger&amp#27;[0;39m                    : insert into `tournament` (`city`,`image_url`,`name`) values (?,?,?)
&amp#27;[37m2024-06-11 12:12:15,433&amp#27;[0;39m &amp#27;[39mDEBUG&amp#27;[0;39m [&amp#27;[34mmain&amp#27;[0;39m] &amp#27;[33mo.h.e.j.s.SqlStatementLogger&amp#27;[0;39m                    : select count(*) from `player` p1_0
&amp#27;[37m2024-06-11 12:12:15,868&amp#27;[0;39m &amp#27;[39mDEBUG&amp#27;[0;39m [&amp#27;[34mmain&amp#27;[0;39m] &amp#27;[33mo.h.e.j.s.SqlStatementLogger&amp#27;[0;39m                    : insert into `player` (`gender`,`image_url`,`name`,`points`,`ranking_position`) values (?,?,?,?,?)
&amp#27;[37m2024-06-11 12:12:15,978&amp#27;[0;39m &amp#27;[39mDEBUG&amp#27;[0;39m [&amp#27;[34mmain&amp#27;[0;39m] &amp#27;[33mo.h.e.j.s.SqlStatementLogger&amp#27;[0;39m                    : insert into `player` (`gender`,`image_url`,`name`,`points`,`ranking_position`) values (?,?,?,?,?)
&amp#27;[37m2024-06-11 12:12:16,088&amp#27;[0;39m &amp#27;[39mDEBUG&amp#27;[0;39m [&amp#27;[34mmain&amp#27;[0;39m] &amp#27;[33mo.h.e.j.s.SqlStatementLogger&amp#27;[0;39m                    : insert into `player` (`gender`,`image_url`,`name`,`points`,`ranking_position`) values (?,?,?,?,?)
&amp#27;[37m2024-06-11 12:12:16,198&amp#27;[0;39m &amp#27;[39mDEBUG&amp#27;[0;39m [&amp#27;[34mmain&amp#27;[0;39m] &amp#27;[33mo.h.e.j.s.SqlStatementLogger&amp#27;[0;39m                    : insert into `player` (`gender`,`image_url`,`name`,`points`,`ranking_position`) values (?,?,?,?,?)
&amp#27;[37m2024-06-11 12:12:16,308&amp#27;[0;39m &amp#27;[39mDEBUG&amp#27;[0;39m [&amp#27;[34mmain&amp#27;[0;39m] &amp#27;[33mo.h.e.j.s.SqlStatementLogger&amp#27;[0;39m                    : insert into `player` (`gender`,`image_url`,`name`,`points`,`ranking_position`) values (?,?,?,?,?)
&amp#27;[37m2024-06-11 12:12:16,417&amp#27;[0;39m &amp#27;[39mDEBUG&amp#27;[0;39m [&amp#27;[34mmain&amp#27;[0;39m] &amp#27;[33mo.h.e.j.s.SqlStatementLogger&amp#27;[0;39m                    : insert into `player` (`gender`,`image_url`,`name`,`points`,`ranking_position`) values (?,?,?,?,?)
&amp#27;[37m2024-06-11 12:12:16,527&amp#27;[0;39m &amp#27;[39mDEBUG&amp#27;[0;39m [&amp#27;[34mmain&amp#27;[0;39m] &amp#27;[33mo.h.e.j.s.SqlStatementLogger&amp#27;[0;39m                    : insert into `player` (`gender`,`image_url`,`name`,`points`,`ranking_position`) values (?,?,?,?,?)
&amp#27;[37m2024-06-11 12:12:16,636&amp#27;[0;39m &amp#27;[39mDEBUG&amp#27;[0;39m [&amp#27;[34mmain&amp#27;[0;39m] &amp#27;[33mo.h.e.j.s.SqlStatementLogger&amp#27;[0;39m                    : insert into `player` (`gender`,`image_url`,`name`,`points`,`ranking_position`) values (?,?,?,?,?)
&amp#27;[37m2024-06-11 12:12:16,746&amp#27;[0;39m &amp#27;[39mDEBUG&amp#27;[0;39m [&amp#27;[34mmain&amp#27;[0;39m] &amp#27;[33mo.h.e.j.s.SqlStatementLogger&amp#27;[0;39m                    : insert into `player` (`gender`,`image_url`,`name`,`points`,`ranking_position`) values (?,?,?,?,?)
&amp#27;[37m2024-06-11 12:12:16,855&amp#27;[0;39m &amp#27;[39mDEBUG&amp#27;[0;39m [&amp#27;[34mmain&amp#27;[0;39m] &amp#27;[33mo.h.e.j.s.SqlStatementLogger&amp#27;[0;39m                    : insert into `player` (`gender`,`image_url`,`name`,`points`,`ranking_position`) values (?,?,?,?,?)
&amp#27;[37m2024-06-11 12:12:17,294&amp#27;[0;39m &amp#27;[39mDEBUG&amp#27;[0;39m [&amp#27;[34mmain&amp#27;[0;39m] &amp#27;[33mo.h.e.j.s.SqlStatementLogger&amp#27;[0;39m                    : select count(*) from `rol` r1_0
&amp#27;[37m2024-06-11 12:12:17,754&amp#27;[0;39m &amp#27;[39mDEBUG&amp#27;[0;39m [&amp#27;[34mmain&amp#27;[0;39m] &amp#27;[33mo.h.e.j.s.SqlStatementLogger&amp#27;[0;39m                    : select r1_0.`id`,r1_0.`name` from `rol` r1_0 where r1_0.`id`=?
&amp#27;[37m2024-06-11 12:12:17,864&amp#27;[0;39m &amp#27;[39mDEBUG&amp#27;[0;39m [&amp#27;[34mmain&amp#27;[0;39m] &amp#27;[33mo.h.e.j.s.SqlStatementLogger&amp#27;[0;39m                    : insert into `rol` (`name`) values (?)
&amp#27;[37m2024-06-11 12:12:17,979&amp#27;[0;39m &amp#27;[39mDEBUG&amp#27;[0;39m [&amp#27;[34mmain&amp#27;[0;39m] &amp#27;[33mo.h.e.j.s.SqlStatementLogger&amp#27;[0;39m                    : select r1_0.`id`,r1_0.`name` from `rol` r1_0 where r1_0.`id`=?
&amp#27;[37m2024-06-11 12:12:18,088&amp#27;[0;39m &amp#27;[39mDEBUG&amp#27;[0;39m [&amp#27;[34mmain&amp#27;[0;39m] &amp#27;[33mo.h.e.j.s.SqlStatementLogger&amp#27;[0;39m                    : insert into `rol` (`name`) values (?)
&amp#27;[37m2024-06-11 12:12:18,197&amp#27;[0;39m &amp#27;[39mDEBUG&amp#27;[0;39m [&amp#27;[34mmain&amp#27;[0;39m] &amp#27;[33mo.h.e.j.s.SqlStatementLogger&amp#27;[0;39m                    : select r1_0.`id`,r1_0.`name` from `rol` r1_0 where r1_0.`id`=?
&amp#27;[37m2024-06-11 12:12:18,307&amp#27;[0;39m &amp#27;[39mDEBUG&amp#27;[0;39m [&amp#27;[34mmain&amp#27;[0;39m] &amp#27;[33mo.h.e.j.s.SqlStatementLogger&amp#27;[0;39m                    : insert into `rol` (`name`) values (?)
&amp#27;[37m2024-06-11 12:12:18,747&amp#27;[0;39m &amp#27;[39mDEBUG&amp#27;[0;39m [&amp#27;[34mmain&amp#27;[0;39m] &amp#27;[33mo.h.e.j.s.SqlStatementLogger&amp#27;[0;39m                    : select count(*) from `users` ui1_0
&amp#27;[37m2024-06-11 12:12:19,290&amp#27;[0;39m &amp#27;[39mDEBUG&amp#27;[0;39m [&amp#27;[34mmain&amp#27;[0;39m] &amp#27;[33mo.h.e.j.s.SqlStatementLogger&amp#27;[0;39m                    : insert into `users` (`email`,`image_url`,`is_connected`,`lastname`,`name`,`password`,`username`) values (?,?,?,?,?,?,?)
&amp#27;[37m2024-06-11 12:12:19,414&amp#27;[0;39m &amp#27;[39mDEBUG&amp#27;[0;39m [&amp#27;[34mmain&amp#27;[0;39m] &amp#27;[33mo.h.e.j.s.SqlStatementLogger&amp#27;[0;39m                    : insert into `user_role` (`user_id`,`role_id`) values (?,?)
&amp#27;[37m2024-06-11 12:12:19,523&amp#27;[0;39m &amp#27;[39mDEBUG&amp#27;[0;39m [&amp#27;[34mmain&amp#27;[0;39m] &amp#27;[33mo.h.e.j.s.SqlStatementLogger&amp#27;[0;39m                    : insert into `user_role` (`user_id`,`role_id`) values (?,?)
&amp#27;[37m2024-06-11 12:12:19,633&amp#27;[0;39m &amp#27;[39mDEBUG&amp#27;[0;39m [&amp#27;[34mmain&amp#27;[0;39m] &amp#27;[33mo.h.e.j.s.SqlStatementLogger&amp#27;[0;39m                    : insert into `user_role` (`user_id`,`role_id`) values (?,?)
&amp#27;[37m2024-06-11 12:12:20,154&amp#27;[0;39m &amp#27;[39mDEBUG&amp#27;[0;39m [&amp#27;[34mmain&amp#27;[0;39m] &amp#27;[33mo.h.e.j.s.SqlStatementLogger&amp#27;[0;39m                    : insert into `users` (`email`,`image_url`,`is_connected`,`lastname`,`name`,`password`,`username`) values (?,?,?,?,?,?,?)
&amp#27;[37m2024-06-11 12:12:20,264&amp#27;[0;39m &amp#27;[39mDEBUG&amp#27;[0;39m [&amp#27;[34mmain&amp#27;[0;39m] &amp#27;[33mo.h.e.j.s.SqlStatementLogger&amp#27;[0;39m                    : insert into `user_role` (`user_id`,`role_id`) values (?,?)
&amp#27;[37m2024-06-11 12:12:20,372&amp#27;[0;39m &amp#27;[39mDEBUG&amp#27;[0;39m [&amp#27;[34mmain&amp#27;[0;39m] &amp#27;[33mo.h.e.j.s.SqlStatementLogger&amp#27;[0;39m                    : insert into `user_role` (`user_id`,`role_id`) values (?,?)
&amp#27;[37m2024-06-11 12:12:20,481&amp#27;[0;39m &amp#27;[39mDEBUG&amp#27;[0;39m [&amp#27;[34mmain&amp#27;[0;39m] &amp#27;[33mo.h.e.j.s.SqlStatementLogger&amp#27;[0;39m                    : insert into `user_role` (`user_id`,`role_id`) values (?,?)
&amp#27;[37m2024-06-11 12:12:20,996&amp#27;[0;39m &amp#27;[39mDEBUG&amp#27;[0;39m [&amp#27;[34mmain&amp#27;[0;39m] &amp#27;[33mo.h.e.j.s.SqlStatementLogger&amp#27;[0;39m                    : insert into `users` (`email`,`image_url`,`is_connected`,`lastname`,`name`,`password`,`username`) values (?,?,?,?,?,?,?)
&amp#27;[37m2024-06-11 12:12:21,106&amp#27;[0;39m &amp#27;[39mDEBUG&amp#27;[0;39m [&amp#27;[34mmain&amp#27;[0;39m] &amp#27;[33mo.h.e.j.s.SqlStatementLogger&amp#27;[0;39m                    : insert into `user_role` (`user_id`,`role_id`) values (?,?)
&amp#27;[37m2024-06-11 12:12:21,214&amp#27;[0;39m &amp#27;[39mDEBUG&amp#27;[0;39m [&amp#27;[34mmain&amp#27;[0;39m] &amp#27;[33mo.h.e.j.s.SqlStatementLogger&amp#27;[0;39m                    : insert into `user_role` (`user_id`,`role_id`) values (?,?)
&amp#27;[37m2024-06-11 12:12:21,321&amp#27;[0;39m &amp#27;[39mDEBUG&amp#27;[0;39m [&amp#27;[34mmain&amp#27;[0;39m] &amp#27;[33mo.h.e.j.s.SqlStatementLogger&amp#27;[0;39m                    : insert into `user_role` (`user_id`,`role_id`) values (?,?)
&amp#27;[37m2024-06-11 12:12:21,840&amp#27;[0;39m &amp#27;[39mDEBUG&amp#27;[0;39m [&amp#27;[34mmain&amp#27;[0;39m] &amp#27;[33mo.h.e.j.s.SqlStatementLogger&amp#27;[0;39m                    : insert into `users` (`email`,`image_url`,`is_connected`,`lastname`,`name`,`password`,`username`) values (?,?,?,?,?,?,?)
&amp#27;[37m2024-06-11 12:12:21,949&amp#27;[0;39m &amp#27;[39mDEBUG&amp#27;[0;39m [&amp#27;[34mmain&amp#27;[0;39m] &amp#27;[33mo.h.e.j.s.SqlStatementLogger&amp#27;[0;39m                    : insert into `user_role` (`user_id`,`role_id`) values (?,?)
&amp#27;[37m2024-06-11 12:12:22,058&amp#27;[0;39m &amp#27;[39mDEBUG&amp#27;[0;39m [&amp#27;[34mmain&amp#27;[0;39m] &amp#27;[33mo.h.e.j.s.SqlStatementLogger&amp#27;[0;39m                    : insert into `user_role` (`user_id`,`role_id`) values (?,?)
&amp#27;[37m2024-06-11 12:12:22,168&amp#27;[0;39m &amp#27;[39mDEBUG&amp#27;[0;39m [&amp#27;[34mmain&amp#27;[0;39m] &amp#27;[33mo.h.e.j.s.SqlStatementLogger&amp#27;[0;39m                    : insert into `user_role` (`user_id`,`role_id`) values (?,?)
&amp#27;[37m2024-06-11 12:12:23,242&amp#27;[0;39m &amp#27;[34mINFO &amp#27;[0;39m [&amp#27;[34mmain&amp#27;[0;39m] &amp#27;[33mo.s.b.StartupInfoLogger&amp#27;[0;39m                         : Started PadinfoBackendApplicationTests in 26.365 seconds (process running for 30.611)
]]></system-out>
  </testcase>
</testsuite>